1705260496.283031 client started (2166): version 3.0a, socket /tmp/tmux-1000/default, protocol 8
1705260496.283551 on Linux 5.15.133.1-microsoft-standard-WSL2 #1 SMP Thu Oct 5 21:02:42 UTC 2023; libevent 2.1.11-stable (poll)
1705260496.283825 socket is /tmp/tmux-1000/default
1705260496.284115 trying connect
1705260496.284360 add peer 0x5566b0f97db0: 6 ((nil))
1705260496.287412 sending message 100 to peer 0x5566b0f97db0 (4 bytes)
1705260496.287701 sending message 101 to peer 0x5566b0f97db0 (15 bytes)
1705260496.287879 sending message 102 to peer 0x5566b0f97db0 (11 bytes)
1705260496.288055 sending message 108 to peer 0x5566b0f97db0 (60 bytes)
1705260496.288238 sending message 104 to peer 0x5566b0f97db0 (0 bytes)
1705260496.288631 sending message 107 to peer 0x5566b0f97db0 (4 bytes)
1705260496.288838 sending message 105 to peer 0x5566b0f97db0 (16 bytes)
1705260496.289015 sending message 105 to peer 0x5566b0f97db0 (24 bytes)
1705260496.289189 sending message 105 to peer 0x5566b0f97db0 (29 bytes)
1705260496.289372 sending message 105 to peer 0x5566b0f97db0 (21 bytes)
1705260496.289610 sending message 105 to peer 0x5566b0f97db0 (64 bytes)
1705260496.289786 sending message 105 to peer 0x5566b0f97db0 (14 bytes)
1705260496.289969 sending message 105 to peer 0x5566b0f97db0 (17 bytes)
1705260496.290158 sending message 105 to peer 0x5566b0f97db0 (13 bytes)
1705260496.290419 sending message 105 to peer 0x5566b0f97db0 (33 bytes)
1705260496.290616 sending message 105 to peer 0x5566b0f97db0 (1506 bytes)
1705260496.290791 sending message 105 to peer 0x5566b0f97db0 (26 bytes)
1705260496.290970 sending message 105 to peer 0x5566b0f97db0 (34 bytes)
1705260496.291352 sending message 105 to peer 0x5566b0f97db0 (20 bytes)
1705260496.291579 sending message 105 to peer 0x5566b0f97db0 (32 bytes)
1705260496.291766 sending message 105 to peer 0x5566b0f97db0 (11 bytes)
1705260496.291966 sending message 105 to peer 0x5566b0f97db0 (11 bytes)
1705260496.292155 sending message 105 to peer 0x5566b0f97db0 (8 bytes)
1705260496.292328 sending message 105 to peer 0x5566b0f97db0 (32 bytes)
1705260496.292516 sending message 105 to peer 0x5566b0f97db0 (8 bytes)
1705260496.292723 sending message 105 to peer 0x5566b0f97db0 (65 bytes)
1705260496.292917 sending message 105 to peer 0x5566b0f97db0 (2278 bytes)
1705260496.293207 sending message 105 to peer 0x5566b0f97db0 (54 bytes)
1705260496.293415 sending message 105 to peer 0x5566b0f97db0 (16 bytes)
1705260496.293639 sending message 105 to peer 0x5566b0f97db0 (40 bytes)
1705260496.293857 sending message 105 to peer 0x5566b0f97db0 (69 bytes)
1705260496.294119 sending message 105 to peer 0x5566b0f97db0 (16 bytes)
1705260496.294636 sending message 106 to peer 0x5566b0f97db0 (0 bytes)
1705260496.294852 sending message 200 to peer 0x5566b0f97db0 (4 bytes)
1705260496.295049 client loop enter
1705260496.297683 peer 0x5566b0f97db0 message 207
1705260496.298006 sending message 208 to peer 0x5566b0f97db0 (0 bytes)
1705260500.186620 peer 0x5566b0f97db0 message 201
1705260500.186971 sending message 205 to peer 0x5566b0f97db0 (0 bytes)
1705260500.187304 peer 0x5566b0f97db0 message 204
1705260500.187465 client loop exit
